  Boulder Dash Game.cpp
C:\Users\Mohamed Alaa\source\repos\Boulder Dash Game\Boulder Dash Game.cpp(8,15): warning C4101: 'k': unreferenced local variable
C:\Users\Mohamed Alaa\source\repos\Boulder Dash Game\Boulder Dash Game.cpp(8,12): warning C4101: 'i': unreferenced local variable
C:\Users\Mohamed Alaa\source\repos\Boulder Dash Game\Boulder Dash Game.cpp(54,14): warning C4309: '=': truncation of constant value
C:\Users\Mohamed Alaa\source\repos\Boulder Dash Game\Boulder Dash Game.cpp(49,15): warning C4101: 'k': unreferenced local variable
C:\Users\Mohamed Alaa\source\repos\Boulder Dash Game\Boulder Dash Game.cpp(49,12): warning C4101: 'i': unreferenced local variable
C:\Users\Mohamed Alaa\source\repos\Boulder Dash Game\Boulder Dash Game.cpp(79,14): warning C4309: '=': truncation of constant value
C:\Users\Mohamed Alaa\source\repos\Boulder Dash Game\Boulder Dash Game.cpp(111,14): warning C4309: '=': truncation of constant value
C:\Users\Mohamed Alaa\source\repos\Boulder Dash Game\Boulder Dash Game.cpp(118,14): warning C4309: '=': truncation of constant value
C:\Users\Mohamed Alaa\source\repos\Boulder Dash Game\Boulder Dash Game.cpp(124,13): warning C4309: '=': truncation of constant value
C:\Users\Mohamed Alaa\source\repos\Boulder Dash Game\Boulder Dash Game.cpp(129,13): warning C4309: '=': truncation of constant value
C:\Users\Mohamed Alaa\source\repos\Boulder Dash Game\Boulder Dash Game.cpp(135,14): warning C4309: '=': truncation of constant value
C:\Users\Mohamed Alaa\source\repos\Boulder Dash Game\Boulder Dash Game.cpp(141,13): warning C4309: '=': truncation of constant value
C:\Users\Mohamed Alaa\source\repos\Boulder Dash Game\Boulder Dash Game.cpp(146,13): warning C4309: '=': truncation of constant value
C:\Users\Mohamed Alaa\source\repos\Boulder Dash Game\Boulder Dash Game.cpp(151,13): warning C4309: '=': truncation of constant value
C:\Users\Mohamed Alaa\source\repos\Boulder Dash Game\Boulder Dash Game.cpp(156,13): warning C4309: '=': truncation of constant value
C:\Users\Mohamed Alaa\source\repos\Boulder Dash Game\Boulder Dash Game.cpp(161,13): warning C4309: '=': truncation of constant value
C:\Users\Mohamed Alaa\source\repos\Boulder Dash Game\Boulder Dash Game.cpp(167,14): warning C4309: '=': truncation of constant value
C:\Users\Mohamed Alaa\source\repos\Boulder Dash Game\Boulder Dash Game.cpp(181,14): warning C4309: '=': truncation of constant value
C:\Users\Mohamed Alaa\source\repos\Boulder Dash Game\Boulder Dash Game.cpp(188,14): warning C4309: '=': truncation of constant value
C:\Users\Mohamed Alaa\source\repos\Boulder Dash Game\Boulder Dash Game.cpp(260,26): warning C4309: '=': truncation of constant value
C:\Users\Mohamed Alaa\source\repos\Boulder Dash Game\Boulder Dash Game.cpp(279,12): warning C4309: '=': truncation of constant value
C:\Users\Mohamed Alaa\source\repos\Boulder Dash Game\Boulder Dash Game.cpp(349,25): warning C4309: '=': truncation of constant value
C:\Users\Mohamed Alaa\source\repos\Boulder Dash Game\Boulder Dash Game.cpp(451,14): warning C4309: '=': truncation of constant value
C:\Users\Mohamed Alaa\source\repos\Boulder Dash Game\Boulder Dash Game.cpp(605,14): warning C4309: '=': truncation of constant value
C:\Users\Mohamed Alaa\source\repos\Boulder Dash Game\Boulder Dash Game.cpp(702,13): warning C4309: '=': truncation of constant value
C:\Users\Mohamed Alaa\source\repos\Boulder Dash Game\Boulder Dash Game.cpp(703,14): warning C4309: '=': truncation of constant value
C:\Users\Mohamed Alaa\source\repos\Boulder Dash Game\Boulder Dash Game.cpp(708,13): warning C4309: '=': truncation of constant value
C:\Users\Mohamed Alaa\source\repos\Boulder Dash Game\Boulder Dash Game.cpp(709,14): warning C4309: '=': truncation of constant value
C:\Users\Mohamed Alaa\source\repos\Boulder Dash Game\Boulder Dash Game.cpp(715,13): warning C4309: '=': truncation of constant value
C:\Users\Mohamed Alaa\source\repos\Boulder Dash Game\Boulder Dash Game.cpp(719,14): warning C4309: '=': truncation of constant value
C:\Users\Mohamed Alaa\source\repos\Boulder Dash Game\Boulder Dash Game.cpp(722,14): warning C4309: '=': truncation of constant value
C:\Users\Mohamed Alaa\source\repos\Boulder Dash Game\Boulder Dash Game.cpp(725,14): warning C4309: '=': truncation of constant value
C:\Users\Mohamed Alaa\source\repos\Boulder Dash Game\Boulder Dash Game.cpp(728,14): warning C4309: '=': truncation of constant value
C:\Users\Mohamed Alaa\source\repos\Boulder Dash Game\Boulder Dash Game.cpp(731,14): warning C4309: '=': truncation of constant value
C:\Users\Mohamed Alaa\source\repos\Boulder Dash Game\Boulder Dash Game.cpp(734,14): warning C4309: '=': truncation of constant value
C:\Users\Mohamed Alaa\source\repos\Boulder Dash Game\Boulder Dash Game.cpp(739,13): warning C4309: '=': truncation of constant value
C:\Users\Mohamed Alaa\source\repos\Boulder Dash Game\Boulder Dash Game.cpp(740,17): warning C4309: '=': truncation of constant value
C:\Users\Mohamed Alaa\source\repos\Boulder Dash Game\Boulder Dash Game.cpp(742,14): warning C4309: '=': truncation of constant value
C:\Users\Mohamed Alaa\source\repos\Boulder Dash Game\Boulder Dash Game.cpp(743,14): warning C4309: '=': truncation of constant value
C:\Users\Mohamed Alaa\source\repos\Boulder Dash Game\Boulder Dash Game.cpp(749,14): warning C4309: '=': truncation of constant value
C:\Users\Mohamed Alaa\source\repos\Boulder Dash Game\Boulder Dash Game.cpp(762,18): warning C4309: '=': truncation of constant value
C:\Users\Mohamed Alaa\source\repos\Boulder Dash Game\Boulder Dash Game.cpp(763,18): warning C4309: '=': truncation of constant value
C:\Users\Mohamed Alaa\source\repos\Boulder Dash Game\Boulder Dash Game.cpp(764,18): warning C4309: '=': truncation of constant value
C:\Users\Mohamed Alaa\source\repos\Boulder Dash Game\Boulder Dash Game.cpp(783,14): warning C4309: '=': truncation of constant value
C:\Users\Mohamed Alaa\source\repos\Boulder Dash Game\Boulder Dash Game.cpp(869,23): warning C4309: '=': truncation of constant value
C:\Users\Mohamed Alaa\source\repos\Boulder Dash Game\Boulder Dash Game.cpp(906,25): warning C4309: '=': truncation of constant value
C:\Users\Mohamed Alaa\source\repos\Boulder Dash Game\Boulder Dash Game.cpp(915,13): warning C4309: '=': truncation of constant value
C:\Users\Mohamed Alaa\source\repos\Boulder Dash Game\Boulder Dash Game.cpp(957,15): warning C4309: '=': truncation of constant value
C:\Users\Mohamed Alaa\source\repos\Boulder Dash Game\Boulder Dash Game.cpp(958,19): warning C4309: '=': truncation of constant value
C:\Users\Mohamed Alaa\source\repos\Boulder Dash Game\Boulder Dash Game.cpp(959,19): warning C4309: '=': truncation of constant value
C:\Users\Mohamed Alaa\source\repos\Boulder Dash Game\Boulder Dash Game.cpp(960,23): warning C4309: '=': truncation of constant value
C:\Users\Mohamed Alaa\source\repos\Boulder Dash Game\Boulder Dash Game.cpp(961,23): warning C4309: '=': truncation of constant value
C:\Users\Mohamed Alaa\source\repos\Boulder Dash Game\Boulder Dash Game.cpp(967,16): warning C4309: '=': truncation of constant value
C:\Users\Mohamed Alaa\source\repos\Boulder Dash Game\Boulder Dash Game.cpp(968,20): warning C4309: '=': truncation of constant value
C:\Users\Mohamed Alaa\source\repos\Boulder Dash Game\Boulder Dash Game.cpp(969,20): warning C4309: '=': truncation of constant value
C:\Users\Mohamed Alaa\source\repos\Boulder Dash Game\Boulder Dash Game.cpp(970,24): warning C4309: '=': truncation of constant value
C:\Users\Mohamed Alaa\source\repos\Boulder Dash Game\Boulder Dash Game.cpp(971,24): warning C4309: '=': truncation of constant value
C:\Users\Mohamed Alaa\source\repos\Boulder Dash Game\Boulder Dash Game.cpp(972,20): warning C4309: '=': truncation of constant value
C:\Users\Mohamed Alaa\source\repos\Boulder Dash Game\Boulder Dash Game.cpp(973,24): warning C4309: '=': truncation of constant value
C:\Users\Mohamed Alaa\source\repos\Boulder Dash Game\Boulder Dash Game.cpp(974,24): warning C4309: '=': truncation of constant value
C:\Users\Mohamed Alaa\source\repos\Boulder Dash Game\Boulder Dash Game.cpp(978,16): warning C4309: '=': truncation of constant value
C:\Users\Mohamed Alaa\source\repos\Boulder Dash Game\Boulder Dash Game.cpp(979,20): warning C4309: '=': truncation of constant value
C:\Users\Mohamed Alaa\source\repos\Boulder Dash Game\Boulder Dash Game.cpp(980,20): warning C4309: '=': truncation of constant value
C:\Users\Mohamed Alaa\source\repos\Boulder Dash Game\Boulder Dash Game.cpp(981,24): warning C4309: '=': truncation of constant value
C:\Users\Mohamed Alaa\source\repos\Boulder Dash Game\Boulder Dash Game.cpp(982,24): warning C4309: '=': truncation of constant value
C:\Users\Mohamed Alaa\source\repos\Boulder Dash Game\Boulder Dash Game.cpp(983,20): warning C4309: '=': truncation of constant value
C:\Users\Mohamed Alaa\source\repos\Boulder Dash Game\Boulder Dash Game.cpp(989,14): warning C4309: '=': truncation of constant value
C:\Users\Mohamed Alaa\source\repos\Boulder Dash Game\Boulder Dash Game.cpp(990,18): warning C4309: '=': truncation of constant value
C:\Users\Mohamed Alaa\source\repos\Boulder Dash Game\Boulder Dash Game.cpp(991,22): warning C4309: '=': truncation of constant value
C:\Users\Mohamed Alaa\source\repos\Boulder Dash Game\Boulder Dash Game.cpp(992,22): warning C4309: '=': truncation of constant value
C:\Users\Mohamed Alaa\source\repos\Boulder Dash Game\Boulder Dash Game.cpp(1008,13): warning C4309: '=': truncation of constant value
C:\Users\Mohamed Alaa\source\repos\Boulder Dash Game\Boulder Dash Game.cpp(1009,14): warning C4309: '=': truncation of constant value
C:\Users\Mohamed Alaa\source\repos\Boulder Dash Game\Boulder Dash Game.cpp(1018,13): warning C4309: '=': truncation of constant value
C:\Users\Mohamed Alaa\source\repos\Boulder Dash Game\Boulder Dash Game.cpp(1019,14): warning C4309: '=': truncation of constant value
C:\Users\Mohamed Alaa\source\repos\Boulder Dash Game\Boulder Dash Game.cpp(1024,13): warning C4309: '=': truncation of constant value
C:\Users\Mohamed Alaa\source\repos\Boulder Dash Game\Boulder Dash Game.cpp(1028,14): warning C4309: '=': truncation of constant value
C:\Users\Mohamed Alaa\source\repos\Boulder Dash Game\Boulder Dash Game.cpp(1032,14): warning C4309: '=': truncation of constant value
C:\Users\Mohamed Alaa\source\repos\Boulder Dash Game\Boulder Dash Game.cpp(1036,13): warning C4309: '=': truncation of constant value
C:\Users\Mohamed Alaa\source\repos\Boulder Dash Game\Boulder Dash Game.cpp(1047,14): warning C4309: '=': truncation of constant value
C:\Users\Mohamed Alaa\source\repos\Boulder Dash Game\Boulder Dash Game.cpp(1051,14): warning C4309: '=': truncation of constant value
C:\Users\Mohamed Alaa\source\repos\Boulder Dash Game\Boulder Dash Game.cpp(1055,14): warning C4309: '=': truncation of constant value
C:\Users\Mohamed Alaa\source\repos\Boulder Dash Game\Boulder Dash Game.cpp(1059,14): warning C4309: '=': truncation of constant value
C:\Users\Mohamed Alaa\source\repos\Boulder Dash Game\Boulder Dash Game.cpp(1070,14): warning C4309: '=': truncation of constant value
C:\Users\Mohamed Alaa\source\repos\Boulder Dash Game\Boulder Dash Game.cpp(1105,15): warning C4309: '=': truncation of constant value
C:\Users\Mohamed Alaa\source\repos\Boulder Dash Game\Boulder Dash Game.cpp(1106,19): warning C4309: '=': truncation of constant value
C:\Users\Mohamed Alaa\source\repos\Boulder Dash Game\Boulder Dash Game.cpp(1107,19): warning C4309: '=': truncation of constant value
C:\Users\Mohamed Alaa\source\repos\Boulder Dash Game\Boulder Dash Game.cpp(1108,23): warning C4309: '=': truncation of constant value
C:\Users\Mohamed Alaa\source\repos\Boulder Dash Game\Boulder Dash Game.cpp(1109,23): warning C4309: '=': truncation of constant value
C:\Users\Mohamed Alaa\source\repos\Boulder Dash Game\Boulder Dash Game.cpp(1117,22): warning C4309: '=': truncation of constant value
C:\Users\Mohamed Alaa\source\repos\Boulder Dash Game\Boulder Dash Game.cpp(1118,26): warning C4309: '=': truncation of constant value
C:\Users\Mohamed Alaa\source\repos\Boulder Dash Game\Boulder Dash Game.cpp(1119,26): warning C4309: '=': truncation of constant value
C:\Users\Mohamed Alaa\source\repos\Boulder Dash Game\Boulder Dash Game.cpp(1120,18): warning C4309: '=': truncation of constant value
C:\Users\Mohamed Alaa\source\repos\Boulder Dash Game\Boulder Dash Game.cpp(1121,22): warning C4309: '=': truncation of constant value
C:\Users\Mohamed Alaa\source\repos\Boulder Dash Game\Boulder Dash Game.cpp(1122,26): warning C4309: '=': truncation of constant value
C:\Users\Mohamed Alaa\source\repos\Boulder Dash Game\Boulder Dash Game.cpp(1123,26): warning C4309: '=': truncation of constant value
C:\Users\Mohamed Alaa\source\repos\Boulder Dash Game\Boulder Dash Game.cpp(1124,26): warning C4309: '=': truncation of constant value
C:\Users\Mohamed Alaa\source\repos\Boulder Dash Game\Boulder Dash Game.cpp(1125,26): warning C4309: '=': truncation of constant value
C:\Users\Mohamed Alaa\source\repos\Boulder Dash Game\Boulder Dash Game.cpp(1126,26): warning C4309: '=': truncation of constant value
C:\Users\Mohamed Alaa\source\repos\Boulder Dash Game\Boulder Dash Game.cpp(1127,26): warning C4309: '=': truncation of constant value
C:\Users\Mohamed Alaa\source\repos\Boulder Dash Game\Boulder Dash Game.cpp(1128,26): warning C4309: '=': truncation of constant value
C:\Users\Mohamed Alaa\source\repos\Boulder Dash Game\Boulder Dash Game.cpp(1129,22): warning C4309: '=': truncation of constant value
C:\Users\Mohamed Alaa\source\repos\Boulder Dash Game\Boulder Dash Game.cpp(1130,26): warning C4309: '=': truncation of constant value
C:\Users\Mohamed Alaa\source\repos\Boulder Dash Game\Boulder Dash Game.cpp(1131,26): warning C4309: '=': truncation of constant value
C:\Users\Mohamed Alaa\source\repos\Boulder Dash Game\Boulder Dash Game.cpp(1132,22): warning C4309: '=': truncation of constant value
C:\Users\Mohamed Alaa\source\repos\Boulder Dash Game\Boulder Dash Game.cpp(1133,22): warning C4309: '=': truncation of constant value
C:\Users\Mohamed Alaa\source\repos\Boulder Dash Game\Boulder Dash Game.cpp(1134,26): warning C4309: '=': truncation of constant value
C:\Users\Mohamed Alaa\source\repos\Boulder Dash Game\Boulder Dash Game.cpp(1135,26): warning C4309: '=': truncation of constant value
C:\Users\Mohamed Alaa\source\repos\Boulder Dash Game\Boulder Dash Game.cpp(1136,26): warning C4309: '=': truncation of constant value
C:\Users\Mohamed Alaa\source\repos\Boulder Dash Game\Boulder Dash Game.cpp(1137,26): warning C4309: '=': truncation of constant value
C:\Users\Mohamed Alaa\source\repos\Boulder Dash Game\Boulder Dash Game.cpp(1138,26): warning C4309: '=': truncation of constant value
C:\Users\Mohamed Alaa\source\repos\Boulder Dash Game\Boulder Dash Game.cpp(1139,22): warning C4309: '=': truncation of constant value
C:\Users\Mohamed Alaa\source\repos\Boulder Dash Game\Boulder Dash Game.cpp(1140,26): warning C4309: '=': truncation of constant value
C:\Users\Mohamed Alaa\source\repos\Boulder Dash Game\Boulder Dash Game.cpp(1141,26): warning C4309: '=': truncation of constant value
C:\Users\Mohamed Alaa\source\repos\Boulder Dash Game\Boulder Dash Game.cpp(1142,26): warning C4309: '=': truncation of constant value
C:\Users\Mohamed Alaa\source\repos\Boulder Dash Game\Boulder Dash Game.cpp(1143,26): warning C4309: '=': truncation of constant value
C:\Users\Mohamed Alaa\source\repos\Boulder Dash Game\Boulder Dash Game.cpp(1144,22): warning C4309: '=': truncation of constant value
C:\Users\Mohamed Alaa\source\repos\Boulder Dash Game\Boulder Dash Game.cpp(1145,26): warning C4309: '=': truncation of constant value
C:\Users\Mohamed Alaa\source\repos\Boulder Dash Game\Boulder Dash Game.cpp(1146,26): warning C4309: '=': truncation of constant value
C:\Users\Mohamed Alaa\source\repos\Boulder Dash Game\Boulder Dash Game.cpp(1150,22): warning C4309: '=': truncation of constant value
C:\Users\Mohamed Alaa\source\repos\Boulder Dash Game\Boulder Dash Game.cpp(1151,22): warning C4309: '=': truncation of constant value
C:\Users\Mohamed Alaa\source\repos\Boulder Dash Game\Boulder Dash Game.cpp(1152,18): warning C4309: '=': truncation of constant value
C:\Users\Mohamed Alaa\source\repos\Boulder Dash Game\Boulder Dash Game.cpp(1153,22): warning C4309: '=': truncation of constant value
C:\Users\Mohamed Alaa\source\repos\Boulder Dash Game\Boulder Dash Game.cpp(1154,26): warning C4309: '=': truncation of constant value
C:\Users\Mohamed Alaa\source\repos\Boulder Dash Game\Boulder Dash Game.cpp(1155,26): warning C4309: '=': truncation of constant value
C:\Users\Mohamed Alaa\source\repos\Boulder Dash Game\Boulder Dash Game.cpp(1156,26): warning C4309: '=': truncation of constant value
C:\Users\Mohamed Alaa\source\repos\Boulder Dash Game\Boulder Dash Game.cpp(1157,26): warning C4309: '=': truncation of constant value
C:\Users\Mohamed Alaa\source\repos\Boulder Dash Game\Boulder Dash Game.cpp(1158,26): warning C4309: '=': truncation of constant value
C:\Users\Mohamed Alaa\source\repos\Boulder Dash Game\Boulder Dash Game.cpp(1159,26): warning C4309: '=': truncation of constant value
C:\Users\Mohamed Alaa\source\repos\Boulder Dash Game\Boulder Dash Game.cpp(1160,22): warning C4309: '=': truncation of constant value
C:\Users\Mohamed Alaa\source\repos\Boulder Dash Game\Boulder Dash Game.cpp(1161,22): warning C4309: '=': truncation of constant value
C:\Users\Mohamed Alaa\source\repos\Boulder Dash Game\Boulder Dash Game.cpp(1162,22): warning C4309: '=': truncation of constant value
C:\Users\Mohamed Alaa\source\repos\Boulder Dash Game\Boulder Dash Game.cpp(1163,26): warning C4309: '=': truncation of constant value
C:\Users\Mohamed Alaa\source\repos\Boulder Dash Game\Boulder Dash Game.cpp(1164,26): warning C4309: '=': truncation of constant value
C:\Users\Mohamed Alaa\source\repos\Boulder Dash Game\Boulder Dash Game.cpp(1165,26): warning C4309: '=': truncation of constant value
C:\Users\Mohamed Alaa\source\repos\Boulder Dash Game\Boulder Dash Game.cpp(1166,26): warning C4309: '=': truncation of constant value
C:\Users\Mohamed Alaa\source\repos\Boulder Dash Game\Boulder Dash Game.cpp(1167,22): warning C4309: '=': truncation of constant value
C:\Users\Mohamed Alaa\source\repos\Boulder Dash Game\Boulder Dash Game.cpp(1168,22): warning C4309: '=': truncation of constant value
C:\Users\Mohamed Alaa\source\repos\Boulder Dash Game\Boulder Dash Game.cpp(1169,26): warning C4309: '=': truncation of constant value
C:\Users\Mohamed Alaa\source\repos\Boulder Dash Game\Boulder Dash Game.cpp(1170,26): warning C4309: '=': truncation of constant value
C:\Users\Mohamed Alaa\source\repos\Boulder Dash Game\Boulder Dash Game.cpp(1171,26): warning C4309: '=': truncation of constant value
C:\Users\Mohamed Alaa\source\repos\Boulder Dash Game\Boulder Dash Game.cpp(1172,26): warning C4309: '=': truncation of constant value
C:\Users\Mohamed Alaa\source\repos\Boulder Dash Game\Boulder Dash Game.cpp(1173,26): warning C4309: '=': truncation of constant value
C:\Users\Mohamed Alaa\source\repos\Boulder Dash Game\Boulder Dash Game.cpp(1174,26): warning C4309: '=': truncation of constant value
C:\Users\Mohamed Alaa\source\repos\Boulder Dash Game\Boulder Dash Game.cpp(1178,18): warning C4309: '=': truncation of constant value
C:\Users\Mohamed Alaa\source\repos\Boulder Dash Game\Boulder Dash Game.cpp(1179,22): warning C4309: '=': truncation of constant value
C:\Users\Mohamed Alaa\source\repos\Boulder Dash Game\Boulder Dash Game.cpp(1180,22): warning C4309: '=': truncation of constant value
C:\Users\Mohamed Alaa\source\repos\Boulder Dash Game\Boulder Dash Game.cpp(1181,22): warning C4309: '=': truncation of constant value
C:\Users\Mohamed Alaa\source\repos\Boulder Dash Game\Boulder Dash Game.cpp(1182,22): warning C4309: '=': truncation of constant value
C:\Users\Mohamed Alaa\source\repos\Boulder Dash Game\Boulder Dash Game.cpp(1183,26): warning C4309: '=': truncation of constant value
C:\Users\Mohamed Alaa\source\repos\Boulder Dash Game\Boulder Dash Game.cpp(1184,26): warning C4309: '=': truncation of constant value
C:\Users\Mohamed Alaa\source\repos\Boulder Dash Game\Boulder Dash Game.cpp(1185,26): warning C4309: '=': truncation of constant value
C:\Users\Mohamed Alaa\source\repos\Boulder Dash Game\Boulder Dash Game.cpp(1186,26): warning C4309: '=': truncation of constant value
C:\Users\Mohamed Alaa\source\repos\Boulder Dash Game\Boulder Dash Game.cpp(1187,26): warning C4309: '=': truncation of constant value
C:\Users\Mohamed Alaa\source\repos\Boulder Dash Game\Boulder Dash Game.cpp(1188,26): warning C4309: '=': truncation of constant value
C:\Users\Mohamed Alaa\source\repos\Boulder Dash Game\Boulder Dash Game.cpp(1189,26): warning C4309: '=': truncation of constant value
C:\Users\Mohamed Alaa\source\repos\Boulder Dash Game\Boulder Dash Game.cpp(1190,22): warning C4309: '=': truncation of constant value
C:\Users\Mohamed Alaa\source\repos\Boulder Dash Game\Boulder Dash Game.cpp(1191,26): warning C4309: '=': truncation of constant value
C:\Users\Mohamed Alaa\source\repos\Boulder Dash Game\Boulder Dash Game.cpp(1192,26): warning C4309: '=': truncation of constant value
C:\Users\Mohamed Alaa\source\repos\Boulder Dash Game\Boulder Dash Game.cpp(1193,22): warning C4309: '=': truncation of constant value
C:\Users\Mohamed Alaa\source\repos\Boulder Dash Game\Boulder Dash Game.cpp(1194,22): warning C4309: '=': truncation of constant value
C:\Users\Mohamed Alaa\source\repos\Boulder Dash Game\Boulder Dash Game.cpp(1195,26): warning C4309: '=': truncation of constant value
C:\Users\Mohamed Alaa\source\repos\Boulder Dash Game\Boulder Dash Game.cpp(1196,26): warning C4309: '=': truncation of constant value
C:\Users\Mohamed Alaa\source\repos\Boulder Dash Game\Boulder Dash Game.cpp(1197,26): warning C4309: '=': truncation of constant value
C:\Users\Mohamed Alaa\source\repos\Boulder Dash Game\Boulder Dash Game.cpp(1198,26): warning C4309: '=': truncation of constant value
C:\Users\Mohamed Alaa\source\repos\Boulder Dash Game\Boulder Dash Game.cpp(1199,26): warning C4309: '=': truncation of constant value
C:\Users\Mohamed Alaa\source\repos\Boulder Dash Game\Boulder Dash Game.cpp(1200,22): warning C4309: '=': truncation of constant value
C:\Users\Mohamed Alaa\source\repos\Boulder Dash Game\Boulder Dash Game.cpp(1201,26): warning C4309: '=': truncation of constant value
C:\Users\Mohamed Alaa\source\repos\Boulder Dash Game\Boulder Dash Game.cpp(1202,26): warning C4309: '=': truncation of constant value
C:\Users\Mohamed Alaa\source\repos\Boulder Dash Game\Boulder Dash Game.cpp(1203,26): warning C4309: '=': truncation of constant value
C:\Users\Mohamed Alaa\source\repos\Boulder Dash Game\Boulder Dash Game.cpp(1204,26): warning C4309: '=': truncation of constant value
C:\Users\Mohamed Alaa\source\repos\Boulder Dash Game\Boulder Dash Game.cpp(1205,22): warning C4309: '=': truncation of constant value
C:\Users\Mohamed Alaa\source\repos\Boulder Dash Game\Boulder Dash Game.cpp(1206,26): warning C4309: '=': truncation of constant value
C:\Users\Mohamed Alaa\source\repos\Boulder Dash Game\Boulder Dash Game.cpp(1207,26): warning C4309: '=': truncation of constant value
C:\Users\Mohamed Alaa\source\repos\Boulder Dash Game\Boulder Dash Game.cpp(1211,18): warning C4309: '=': truncation of constant value
C:\Users\Mohamed Alaa\source\repos\Boulder Dash Game\Boulder Dash Game.cpp(1212,22): warning C4309: '=': truncation of constant value
C:\Users\Mohamed Alaa\source\repos\Boulder Dash Game\Boulder Dash Game.cpp(1213,22): warning C4309: '=': truncation of constant value
C:\Users\Mohamed Alaa\source\repos\Boulder Dash Game\Boulder Dash Game.cpp(1214,22): warning C4309: '=': truncation of constant value
C:\Users\Mohamed Alaa\source\repos\Boulder Dash Game\Boulder Dash Game.cpp(1215,26): warning C4309: '=': truncation of constant value
C:\Users\Mohamed Alaa\source\repos\Boulder Dash Game\Boulder Dash Game.cpp(1216,26): warning C4309: '=': truncation of constant value
C:\Users\Mohamed Alaa\source\repos\Boulder Dash Game\Boulder Dash Game.cpp(1217,26): warning C4309: '=': truncation of constant value
C:\Users\Mohamed Alaa\source\repos\Boulder Dash Game\Boulder Dash Game.cpp(1218,26): warning C4309: '=': truncation of constant value
C:\Users\Mohamed Alaa\source\repos\Boulder Dash Game\Boulder Dash Game.cpp(1219,26): warning C4309: '=': truncation of constant value
C:\Users\Mohamed Alaa\source\repos\Boulder Dash Game\Boulder Dash Game.cpp(1220,26): warning C4309: '=': truncation of constant value
C:\Users\Mohamed Alaa\source\repos\Boulder Dash Game\Boulder Dash Game.cpp(1221,22): warning C4309: '=': truncation of constant value
C:\Users\Mohamed Alaa\source\repos\Boulder Dash Game\Boulder Dash Game.cpp(1222,22): warning C4309: '=': truncation of constant value
C:\Users\Mohamed Alaa\source\repos\Boulder Dash Game\Boulder Dash Game.cpp(1223,22): warning C4309: '=': truncation of constant value
C:\Users\Mohamed Alaa\source\repos\Boulder Dash Game\Boulder Dash Game.cpp(1224,26): warning C4309: '=': truncation of constant value
C:\Users\Mohamed Alaa\source\repos\Boulder Dash Game\Boulder Dash Game.cpp(1225,26): warning C4309: '=': truncation of constant value
C:\Users\Mohamed Alaa\source\repos\Boulder Dash Game\Boulder Dash Game.cpp(1226,26): warning C4309: '=': truncation of constant value
C:\Users\Mohamed Alaa\source\repos\Boulder Dash Game\Boulder Dash Game.cpp(1227,26): warning C4309: '=': truncation of constant value
C:\Users\Mohamed Alaa\source\repos\Boulder Dash Game\Boulder Dash Game.cpp(1228,22): warning C4309: '=': truncation of constant value
C:\Users\Mohamed Alaa\source\repos\Boulder Dash Game\Boulder Dash Game.cpp(1229,22): warning C4309: '=': truncation of constant value
C:\Users\Mohamed Alaa\source\repos\Boulder Dash Game\Boulder Dash Game.cpp(1230,26): warning C4309: '=': truncation of constant value
C:\Users\Mohamed Alaa\source\repos\Boulder Dash Game\Boulder Dash Game.cpp(1231,26): warning C4309: '=': truncation of constant value
C:\Users\Mohamed Alaa\source\repos\Boulder Dash Game\Boulder Dash Game.cpp(1232,26): warning C4309: '=': truncation of constant value
C:\Users\Mohamed Alaa\source\repos\Boulder Dash Game\Boulder Dash Game.cpp(1233,26): warning C4309: '=': truncation of constant value
C:\Users\Mohamed Alaa\source\repos\Boulder Dash Game\Boulder Dash Game.cpp(1234,26): warning C4309: '=': truncation of constant value
C:\Users\Mohamed Alaa\source\repos\Boulder Dash Game\Boulder Dash Game.cpp(1235,26): warning C4309: '=': truncation of constant value
C:\Users\Mohamed Alaa\source\repos\Boulder Dash Game\Boulder Dash Game.cpp(1243,16): warning C4309: '=': truncation of constant value
C:\Users\Mohamed Alaa\source\repos\Boulder Dash Game\Boulder Dash Game.cpp(1244,20): warning C4309: '=': truncation of constant value
C:\Users\Mohamed Alaa\source\repos\Boulder Dash Game\Boulder Dash Game.cpp(1245,24): warning C4309: '=': truncation of constant value
C:\Users\Mohamed Alaa\source\repos\Boulder Dash Game\Boulder Dash Game.cpp(1246,24): warning C4309: '=': truncation of constant value
C:\Users\Mohamed Alaa\source\repos\Boulder Dash Game\Boulder Dash Game.cpp(1247,24): warning C4309: '=': truncation of constant value
C:\Users\Mohamed Alaa\source\repos\Boulder Dash Game\Boulder Dash Game.cpp(1248,24): warning C4309: '=': truncation of constant value
C:\Users\Mohamed Alaa\source\repos\Boulder Dash Game\Boulder Dash Game.cpp(1249,24): warning C4309: '=': truncation of constant value
C:\Users\Mohamed Alaa\source\repos\Boulder Dash Game\Boulder Dash Game.cpp(1250,24): warning C4309: '=': truncation of constant value
C:\Users\Mohamed Alaa\source\repos\Boulder Dash Game\Boulder Dash Game.cpp(1251,24): warning C4309: '=': truncation of constant value
C:\Users\Mohamed Alaa\source\repos\Boulder Dash Game\Boulder Dash Game.cpp(1252,20): warning C4309: '=': truncation of constant value
C:\Users\Mohamed Alaa\source\repos\Boulder Dash Game\Boulder Dash Game.cpp(1253,24): warning C4309: '=': truncation of constant value
C:\Users\Mohamed Alaa\source\repos\Boulder Dash Game\Boulder Dash Game.cpp(1254,24): warning C4309: '=': truncation of constant value
C:\Users\Mohamed Alaa\source\repos\Boulder Dash Game\Boulder Dash Game.cpp(1255,20): warning C4309: '=': truncation of constant value
C:\Users\Mohamed Alaa\source\repos\Boulder Dash Game\Boulder Dash Game.cpp(1256,20): warning C4309: '=': truncation of constant value
C:\Users\Mohamed Alaa\source\repos\Boulder Dash Game\Boulder Dash Game.cpp(1257,24): warning C4309: '=': truncation of constant value
C:\Users\Mohamed Alaa\source\repos\Boulder Dash Game\Boulder Dash Game.cpp(1258,24): warning C4309: '=': truncation of constant value
C:\Users\Mohamed Alaa\source\repos\Boulder Dash Game\Boulder Dash Game.cpp(1259,24): warning C4309: '=': truncation of constant value
C:\Users\Mohamed Alaa\source\repos\Boulder Dash Game\Boulder Dash Game.cpp(1260,24): warning C4309: '=': truncation of constant value
C:\Users\Mohamed Alaa\source\repos\Boulder Dash Game\Boulder Dash Game.cpp(1261,24): warning C4309: '=': truncation of constant value
C:\Users\Mohamed Alaa\source\repos\Boulder Dash Game\Boulder Dash Game.cpp(1262,20): warning C4309: '=': truncation of constant value
C:\Users\Mohamed Alaa\source\repos\Boulder Dash Game\Boulder Dash Game.cpp(1263,24): warning C4309: '=': truncation of constant value
C:\Users\Mohamed Alaa\source\repos\Boulder Dash Game\Boulder Dash Game.cpp(1264,24): warning C4309: '=': truncation of constant value
C:\Users\Mohamed Alaa\source\repos\Boulder Dash Game\Boulder Dash Game.cpp(1265,24): warning C4309: '=': truncation of constant value
C:\Users\Mohamed Alaa\source\repos\Boulder Dash Game\Boulder Dash Game.cpp(1266,24): warning C4309: '=': truncation of constant value
C:\Users\Mohamed Alaa\source\repos\Boulder Dash Game\Boulder Dash Game.cpp(1267,20): warning C4309: '=': truncation of constant value
C:\Users\Mohamed Alaa\source\repos\Boulder Dash Game\Boulder Dash Game.cpp(1268,24): warning C4309: '=': truncation of constant value
C:\Users\Mohamed Alaa\source\repos\Boulder Dash Game\Boulder Dash Game.cpp(1269,24): warning C4309: '=': truncation of constant value
C:\Users\Mohamed Alaa\source\repos\Boulder Dash Game\Boulder Dash Game.cpp(1275,17): warning C4309: '=': truncation of constant value
C:\Users\Mohamed Alaa\source\repos\Boulder Dash Game\Boulder Dash Game.cpp(1276,21): warning C4309: '=': truncation of constant value
C:\Users\Mohamed Alaa\source\repos\Boulder Dash Game\Boulder Dash Game.cpp(1277,25): warning C4309: '=': truncation of constant value
C:\Users\Mohamed Alaa\source\repos\Boulder Dash Game\Boulder Dash Game.cpp(1278,25): warning C4309: '=': truncation of constant value
C:\Users\Mohamed Alaa\source\repos\Boulder Dash Game\Boulder Dash Game.cpp(1279,25): warning C4309: '=': truncation of constant value
C:\Users\Mohamed Alaa\source\repos\Boulder Dash Game\Boulder Dash Game.cpp(1280,25): warning C4309: '=': truncation of constant value
C:\Users\Mohamed Alaa\source\repos\Boulder Dash Game\Boulder Dash Game.cpp(1281,25): warning C4309: '=': truncation of constant value
C:\Users\Mohamed Alaa\source\repos\Boulder Dash Game\Boulder Dash Game.cpp(1282,25): warning C4309: '=': truncation of constant value
C:\Users\Mohamed Alaa\source\repos\Boulder Dash Game\Boulder Dash Game.cpp(1283,25): warning C4309: '=': truncation of constant value
C:\Users\Mohamed Alaa\source\repos\Boulder Dash Game\Boulder Dash Game.cpp(1284,21): warning C4309: '=': truncation of constant value
C:\Users\Mohamed Alaa\source\repos\Boulder Dash Game\Boulder Dash Game.cpp(1285,25): warning C4309: '=': truncation of constant value
C:\Users\Mohamed Alaa\source\repos\Boulder Dash Game\Boulder Dash Game.cpp(1286,25): warning C4309: '=': truncation of constant value
C:\Users\Mohamed Alaa\source\repos\Boulder Dash Game\Boulder Dash Game.cpp(1287,21): warning C4309: '=': truncation of constant value
C:\Users\Mohamed Alaa\source\repos\Boulder Dash Game\Boulder Dash Game.cpp(1288,21): warning C4309: '=': truncation of constant value
C:\Users\Mohamed Alaa\source\repos\Boulder Dash Game\Boulder Dash Game.cpp(1289,25): warning C4309: '=': truncation of constant value
C:\Users\Mohamed Alaa\source\repos\Boulder Dash Game\Boulder Dash Game.cpp(1290,25): warning C4309: '=': truncation of constant value
C:\Users\Mohamed Alaa\source\repos\Boulder Dash Game\Boulder Dash Game.cpp(1291,25): warning C4309: '=': truncation of constant value
C:\Users\Mohamed Alaa\source\repos\Boulder Dash Game\Boulder Dash Game.cpp(1292,25): warning C4309: '=': truncation of constant value
C:\Users\Mohamed Alaa\source\repos\Boulder Dash Game\Boulder Dash Game.cpp(1293,25): warning C4309: '=': truncation of constant value
C:\Users\Mohamed Alaa\source\repos\Boulder Dash Game\Boulder Dash Game.cpp(1294,21): warning C4309: '=': truncation of constant value
C:\Users\Mohamed Alaa\source\repos\Boulder Dash Game\Boulder Dash Game.cpp(1295,25): warning C4309: '=': truncation of constant value
C:\Users\Mohamed Alaa\source\repos\Boulder Dash Game\Boulder Dash Game.cpp(1296,25): warning C4309: '=': truncation of constant value
C:\Users\Mohamed Alaa\source\repos\Boulder Dash Game\Boulder Dash Game.cpp(1297,25): warning C4309: '=': truncation of constant value
C:\Users\Mohamed Alaa\source\repos\Boulder Dash Game\Boulder Dash Game.cpp(1298,25): warning C4309: '=': truncation of constant value
C:\Users\Mohamed Alaa\source\repos\Boulder Dash Game\Boulder Dash Game.cpp(1299,21): warning C4309: '=': truncation of constant value
C:\Users\Mohamed Alaa\source\repos\Boulder Dash Game\Boulder Dash Game.cpp(1300,25): warning C4309: '=': truncation of constant value
C:\Users\Mohamed Alaa\source\repos\Boulder Dash Game\Boulder Dash Game.cpp(1301,25): warning C4309: '=': truncation of constant value
C:\Users\Mohamed Alaa\source\repos\Boulder Dash Game\Boulder Dash Game.cpp(1306,17): warning C4309: '=': truncation of constant value
C:\Users\Mohamed Alaa\source\repos\Boulder Dash Game\Boulder Dash Game.cpp(1307,21): warning C4309: '=': truncation of constant value
C:\Users\Mohamed Alaa\source\repos\Boulder Dash Game\Boulder Dash Game.cpp(1308,25): warning C4309: '=': truncation of constant value
C:\Users\Mohamed Alaa\source\repos\Boulder Dash Game\Boulder Dash Game.cpp(1309,25): warning C4309: '=': truncation of constant value
C:\Users\Mohamed Alaa\source\repos\Boulder Dash Game\Boulder Dash Game.cpp(1310,25): warning C4309: '=': truncation of constant value
C:\Users\Mohamed Alaa\source\repos\Boulder Dash Game\Boulder Dash Game.cpp(1311,25): warning C4309: '=': truncation of constant value
C:\Users\Mohamed Alaa\source\repos\Boulder Dash Game\Boulder Dash Game.cpp(1312,25): warning C4309: '=': truncation of constant value
C:\Users\Mohamed Alaa\source\repos\Boulder Dash Game\Boulder Dash Game.cpp(1313,25): warning C4309: '=': truncation of constant value
C:\Users\Mohamed Alaa\source\repos\Boulder Dash Game\Boulder Dash Game.cpp(1314,21): warning C4309: '=': truncation of constant value
C:\Users\Mohamed Alaa\source\repos\Boulder Dash Game\Boulder Dash Game.cpp(1315,21): warning C4309: '=': truncation of constant value
C:\Users\Mohamed Alaa\source\repos\Boulder Dash Game\Boulder Dash Game.cpp(1316,21): warning C4309: '=': truncation of constant value
C:\Users\Mohamed Alaa\source\repos\Boulder Dash Game\Boulder Dash Game.cpp(1317,25): warning C4309: '=': truncation of constant value
C:\Users\Mohamed Alaa\source\repos\Boulder Dash Game\Boulder Dash Game.cpp(1318,25): warning C4309: '=': truncation of constant value
C:\Users\Mohamed Alaa\source\repos\Boulder Dash Game\Boulder Dash Game.cpp(1319,25): warning C4309: '=': truncation of constant value
C:\Users\Mohamed Alaa\source\repos\Boulder Dash Game\Boulder Dash Game.cpp(1320,25): warning C4309: '=': truncation of constant value
C:\Users\Mohamed Alaa\source\repos\Boulder Dash Game\Boulder Dash Game.cpp(1321,21): warning C4309: '=': truncation of constant value
C:\Users\Mohamed Alaa\source\repos\Boulder Dash Game\Boulder Dash Game.cpp(1322,21): warning C4309: '=': truncation of constant value
C:\Users\Mohamed Alaa\source\repos\Boulder Dash Game\Boulder Dash Game.cpp(1323,25): warning C4309: '=': truncation of constant value
C:\Users\Mohamed Alaa\source\repos\Boulder Dash Game\Boulder Dash Game.cpp(1324,25): warning C4309: '=': truncation of constant value
C:\Users\Mohamed Alaa\source\repos\Boulder Dash Game\Boulder Dash Game.cpp(1325,25): warning C4309: '=': truncation of constant value
C:\Users\Mohamed Alaa\source\repos\Boulder Dash Game\Boulder Dash Game.cpp(1326,25): warning C4309: '=': truncation of constant value
C:\Users\Mohamed Alaa\source\repos\Boulder Dash Game\Boulder Dash Game.cpp(1327,25): warning C4309: '=': truncation of constant value
C:\Users\Mohamed Alaa\source\repos\Boulder Dash Game\Boulder Dash Game.cpp(1328,25): warning C4309: '=': truncation of constant value
C:\Users\Mohamed Alaa\source\repos\Boulder Dash Game\Boulder Dash Game.cpp(1333,21): warning C4309: '=': truncation of constant value
C:\Users\Mohamed Alaa\source\repos\Boulder Dash Game\Boulder Dash Game.cpp(1334,21): warning C4309: '=': truncation of constant value
C:\Users\Mohamed Alaa\source\repos\Boulder Dash Game\Boulder Dash Game.cpp(1335,25): warning C4309: '=': truncation of constant value
C:\Users\Mohamed Alaa\source\repos\Boulder Dash Game\Boulder Dash Game.cpp(1336,25): warning C4309: '=': truncation of constant value
C:\Users\Mohamed Alaa\source\repos\Boulder Dash Game\Boulder Dash Game.cpp(1337,25): warning C4309: '=': truncation of constant value
C:\Users\Mohamed Alaa\source\repos\Boulder Dash Game\Boulder Dash Game.cpp(1338,25): warning C4309: '=': truncation of constant value
C:\Users\Mohamed Alaa\source\repos\Boulder Dash Game\Boulder Dash Game.cpp(1339,25): warning C4309: '=': truncation of constant value
C:\Users\Mohamed Alaa\source\repos\Boulder Dash Game\Boulder Dash Game.cpp(1340,25): warning C4309: '=': truncation of constant value
C:\Users\Mohamed Alaa\source\repos\Boulder Dash Game\Boulder Dash Game.cpp(1341,25): warning C4309: '=': truncation of constant value
C:\Users\Mohamed Alaa\source\repos\Boulder Dash Game\Boulder Dash Game.cpp(1342,21): warning C4309: '=': truncation of constant value
C:\Users\Mohamed Alaa\source\repos\Boulder Dash Game\Boulder Dash Game.cpp(1343,25): warning C4309: '=': truncation of constant value
C:\Users\Mohamed Alaa\source\repos\Boulder Dash Game\Boulder Dash Game.cpp(1344,25): warning C4309: '=': truncation of constant value
C:\Users\Mohamed Alaa\source\repos\Boulder Dash Game\Boulder Dash Game.cpp(1345,21): warning C4309: '=': truncation of constant value
C:\Users\Mohamed Alaa\source\repos\Boulder Dash Game\Boulder Dash Game.cpp(1346,21): warning C4309: '=': truncation of constant value
C:\Users\Mohamed Alaa\source\repos\Boulder Dash Game\Boulder Dash Game.cpp(1347,25): warning C4309: '=': truncation of constant value
C:\Users\Mohamed Alaa\source\repos\Boulder Dash Game\Boulder Dash Game.cpp(1348,25): warning C4309: '=': truncation of constant value
C:\Users\Mohamed Alaa\source\repos\Boulder Dash Game\Boulder Dash Game.cpp(1349,25): warning C4309: '=': truncation of constant value
C:\Users\Mohamed Alaa\source\repos\Boulder Dash Game\Boulder Dash Game.cpp(1350,25): warning C4309: '=': truncation of constant value
C:\Users\Mohamed Alaa\source\repos\Boulder Dash Game\Boulder Dash Game.cpp(1351,25): warning C4309: '=': truncation of constant value
C:\Users\Mohamed Alaa\source\repos\Boulder Dash Game\Boulder Dash Game.cpp(1352,21): warning C4309: '=': truncation of constant value
C:\Users\Mohamed Alaa\source\repos\Boulder Dash Game\Boulder Dash Game.cpp(1353,25): warning C4309: '=': truncation of constant value
C:\Users\Mohamed Alaa\source\repos\Boulder Dash Game\Boulder Dash Game.cpp(1354,25): warning C4309: '=': truncation of constant value
C:\Users\Mohamed Alaa\source\repos\Boulder Dash Game\Boulder Dash Game.cpp(1355,25): warning C4309: '=': truncation of constant value
C:\Users\Mohamed Alaa\source\repos\Boulder Dash Game\Boulder Dash Game.cpp(1356,25): warning C4309: '=': truncation of constant value
C:\Users\Mohamed Alaa\source\repos\Boulder Dash Game\Boulder Dash Game.cpp(1357,21): warning C4309: '=': truncation of constant value
C:\Users\Mohamed Alaa\source\repos\Boulder Dash Game\Boulder Dash Game.cpp(1358,25): warning C4309: '=': truncation of constant value
C:\Users\Mohamed Alaa\source\repos\Boulder Dash Game\Boulder Dash Game.cpp(1359,25): warning C4309: '=': truncation of constant value
C:\Users\Mohamed Alaa\source\repos\Boulder Dash Game\Boulder Dash Game.cpp(1365,21): warning C4309: '=': truncation of constant value
C:\Users\Mohamed Alaa\source\repos\Boulder Dash Game\Boulder Dash Game.cpp(1366,21): warning C4309: '=': truncation of constant value
C:\Users\Mohamed Alaa\source\repos\Boulder Dash Game\Boulder Dash Game.cpp(1367,25): warning C4309: '=': truncation of constant value
C:\Users\Mohamed Alaa\source\repos\Boulder Dash Game\Boulder Dash Game.cpp(1368,25): warning C4309: '=': truncation of constant value
C:\Users\Mohamed Alaa\source\repos\Boulder Dash Game\Boulder Dash Game.cpp(1369,25): warning C4309: '=': truncation of constant value
C:\Users\Mohamed Alaa\source\repos\Boulder Dash Game\Boulder Dash Game.cpp(1370,25): warning C4309: '=': truncation of constant value
C:\Users\Mohamed Alaa\source\repos\Boulder Dash Game\Boulder Dash Game.cpp(1371,25): warning C4309: '=': truncation of constant value
C:\Users\Mohamed Alaa\source\repos\Boulder Dash Game\Boulder Dash Game.cpp(1372,25): warning C4309: '=': truncation of constant value
C:\Users\Mohamed Alaa\source\repos\Boulder Dash Game\Boulder Dash Game.cpp(1373,21): warning C4309: '=': truncation of constant value
C:\Users\Mohamed Alaa\source\repos\Boulder Dash Game\Boulder Dash Game.cpp(1374,21): warning C4309: '=': truncation of constant value
C:\Users\Mohamed Alaa\source\repos\Boulder Dash Game\Boulder Dash Game.cpp(1375,21): warning C4309: '=': truncation of constant value
C:\Users\Mohamed Alaa\source\repos\Boulder Dash Game\Boulder Dash Game.cpp(1376,25): warning C4309: '=': truncation of constant value
C:\Users\Mohamed Alaa\source\repos\Boulder Dash Game\Boulder Dash Game.cpp(1377,25): warning C4309: '=': truncation of constant value
C:\Users\Mohamed Alaa\source\repos\Boulder Dash Game\Boulder Dash Game.cpp(1378,25): warning C4309: '=': truncation of constant value
C:\Users\Mohamed Alaa\source\repos\Boulder Dash Game\Boulder Dash Game.cpp(1379,25): warning C4309: '=': truncation of constant value
C:\Users\Mohamed Alaa\source\repos\Boulder Dash Game\Boulder Dash Game.cpp(1380,21): warning C4309: '=': truncation of constant value
C:\Users\Mohamed Alaa\source\repos\Boulder Dash Game\Boulder Dash Game.cpp(1381,21): warning C4309: '=': truncation of constant value
C:\Users\Mohamed Alaa\source\repos\Boulder Dash Game\Boulder Dash Game.cpp(1382,25): warning C4309: '=': truncation of constant value
C:\Users\Mohamed Alaa\source\repos\Boulder Dash Game\Boulder Dash Game.cpp(1383,25): warning C4309: '=': truncation of constant value
C:\Users\Mohamed Alaa\source\repos\Boulder Dash Game\Boulder Dash Game.cpp(1384,25): warning C4309: '=': truncation of constant value
C:\Users\Mohamed Alaa\source\repos\Boulder Dash Game\Boulder Dash Game.cpp(1385,25): warning C4309: '=': truncation of constant value
C:\Users\Mohamed Alaa\source\repos\Boulder Dash Game\Boulder Dash Game.cpp(1386,25): warning C4309: '=': truncation of constant value
C:\Users\Mohamed Alaa\source\repos\Boulder Dash Game\Boulder Dash Game.cpp(1387,25): warning C4309: '=': truncation of constant value
C:\Users\Mohamed Alaa\source\repos\Boulder Dash Game\Boulder Dash Game.cpp(1392,17): warning C4309: '=': truncation of constant value
C:\Users\Mohamed Alaa\source\repos\Boulder Dash Game\Boulder Dash Game.cpp(1393,21): warning C4309: '=': truncation of constant value
C:\Users\Mohamed Alaa\source\repos\Boulder Dash Game\Boulder Dash Game.cpp(1394,25): warning C4309: '=': truncation of constant value
C:\Users\Mohamed Alaa\source\repos\Boulder Dash Game\Boulder Dash Game.cpp(1395,25): warning C4309: '=': truncation of constant value
C:\Users\Mohamed Alaa\source\repos\Boulder Dash Game\Boulder Dash Game.cpp(1396,25): warning C4309: '=': truncation of constant value
C:\Users\Mohamed Alaa\source\repos\Boulder Dash Game\Boulder Dash Game.cpp(1397,25): warning C4309: '=': truncation of constant value
C:\Users\Mohamed Alaa\source\repos\Boulder Dash Game\Boulder Dash Game.cpp(1398,25): warning C4309: '=': truncation of constant value
C:\Users\Mohamed Alaa\source\repos\Boulder Dash Game\Boulder Dash Game.cpp(1399,25): warning C4309: '=': truncation of constant value
C:\Users\Mohamed Alaa\source\repos\Boulder Dash Game\Boulder Dash Game.cpp(1400,25): warning C4309: '=': truncation of constant value
C:\Users\Mohamed Alaa\source\repos\Boulder Dash Game\Boulder Dash Game.cpp(1401,21): warning C4309: '=': truncation of constant value
C:\Users\Mohamed Alaa\source\repos\Boulder Dash Game\Boulder Dash Game.cpp(1402,25): warning C4309: '=': truncation of constant value
C:\Users\Mohamed Alaa\source\repos\Boulder Dash Game\Boulder Dash Game.cpp(1403,25): warning C4309: '=': truncation of constant value
C:\Users\Mohamed Alaa\source\repos\Boulder Dash Game\Boulder Dash Game.cpp(1404,21): warning C4309: '=': truncation of constant value
C:\Users\Mohamed Alaa\source\repos\Boulder Dash Game\Boulder Dash Game.cpp(1405,21): warning C4309: '=': truncation of constant value
C:\Users\Mohamed Alaa\source\repos\Boulder Dash Game\Boulder Dash Game.cpp(1406,25): warning C4309: '=': truncation of constant value
C:\Users\Mohamed Alaa\source\repos\Boulder Dash Game\Boulder Dash Game.cpp(1407,25): warning C4309: '=': truncation of constant value
C:\Users\Mohamed Alaa\source\repos\Boulder Dash Game\Boulder Dash Game.cpp(1408,25): warning C4309: '=': truncation of constant value
C:\Users\Mohamed Alaa\source\repos\Boulder Dash Game\Boulder Dash Game.cpp(1409,25): warning C4309: '=': truncation of constant value
C:\Users\Mohamed Alaa\source\repos\Boulder Dash Game\Boulder Dash Game.cpp(1410,25): warning C4309: '=': truncation of constant value
C:\Users\Mohamed Alaa\source\repos\Boulder Dash Game\Boulder Dash Game.cpp(1411,21): warning C4309: '=': truncation of constant value
C:\Users\Mohamed Alaa\source\repos\Boulder Dash Game\Boulder Dash Game.cpp(1412,25): warning C4309: '=': truncation of constant value
C:\Users\Mohamed Alaa\source\repos\Boulder Dash Game\Boulder Dash Game.cpp(1413,25): warning C4309: '=': truncation of constant value
C:\Users\Mohamed Alaa\source\repos\Boulder Dash Game\Boulder Dash Game.cpp(1414,25): warning C4309: '=': truncation of constant value
C:\Users\Mohamed Alaa\source\repos\Boulder Dash Game\Boulder Dash Game.cpp(1415,25): warning C4309: '=': truncation of constant value
C:\Users\Mohamed Alaa\source\repos\Boulder Dash Game\Boulder Dash Game.cpp(1416,21): warning C4309: '=': truncation of constant value
C:\Users\Mohamed Alaa\source\repos\Boulder Dash Game\Boulder Dash Game.cpp(1417,25): warning C4309: '=': truncation of constant value
C:\Users\Mohamed Alaa\source\repos\Boulder Dash Game\Boulder Dash Game.cpp(1418,25): warning C4309: '=': truncation of constant value
C:\Users\Mohamed Alaa\source\repos\Boulder Dash Game\Boulder Dash Game.cpp(1423,17): warning C4309: '=': truncation of constant value
C:\Users\Mohamed Alaa\source\repos\Boulder Dash Game\Boulder Dash Game.cpp(1424,21): warning C4309: '=': truncation of constant value
C:\Users\Mohamed Alaa\source\repos\Boulder Dash Game\Boulder Dash Game.cpp(1425,25): warning C4309: '=': truncation of constant value
C:\Users\Mohamed Alaa\source\repos\Boulder Dash Game\Boulder Dash Game.cpp(1426,25): warning C4309: '=': truncation of constant value
C:\Users\Mohamed Alaa\source\repos\Boulder Dash Game\Boulder Dash Game.cpp(1427,25): warning C4309: '=': truncation of constant value
C:\Users\Mohamed Alaa\source\repos\Boulder Dash Game\Boulder Dash Game.cpp(1428,25): warning C4309: '=': truncation of constant value
C:\Users\Mohamed Alaa\source\repos\Boulder Dash Game\Boulder Dash Game.cpp(1429,25): warning C4309: '=': truncation of constant value
C:\Users\Mohamed Alaa\source\repos\Boulder Dash Game\Boulder Dash Game.cpp(1430,25): warning C4309: '=': truncation of constant value
C:\Users\Mohamed Alaa\source\repos\Boulder Dash Game\Boulder Dash Game.cpp(1431,21): warning C4309: '=': truncation of constant value
C:\Users\Mohamed Alaa\source\repos\Boulder Dash Game\Boulder Dash Game.cpp(1432,21): warning C4309: '=': truncation of constant value
C:\Users\Mohamed Alaa\source\repos\Boulder Dash Game\Boulder Dash Game.cpp(1433,21): warning C4309: '=': truncation of constant value
C:\Users\Mohamed Alaa\source\repos\Boulder Dash Game\Boulder Dash Game.cpp(1434,25): warning C4309: '=': truncation of constant value
C:\Users\Mohamed Alaa\source\repos\Boulder Dash Game\Boulder Dash Game.cpp(1435,25): warning C4309: '=': truncation of constant value
C:\Users\Mohamed Alaa\source\repos\Boulder Dash Game\Boulder Dash Game.cpp(1436,25): warning C4309: '=': truncation of constant value
C:\Users\Mohamed Alaa\source\repos\Boulder Dash Game\Boulder Dash Game.cpp(1437,25): warning C4309: '=': truncation of constant value
C:\Users\Mohamed Alaa\source\repos\Boulder Dash Game\Boulder Dash Game.cpp(1438,21): warning C4309: '=': truncation of constant value
C:\Users\Mohamed Alaa\source\repos\Boulder Dash Game\Boulder Dash Game.cpp(1439,21): warning C4309: '=': truncation of constant value
C:\Users\Mohamed Alaa\source\repos\Boulder Dash Game\Boulder Dash Game.cpp(1440,25): warning C4309: '=': truncation of constant value
C:\Users\Mohamed Alaa\source\repos\Boulder Dash Game\Boulder Dash Game.cpp(1441,25): warning C4309: '=': truncation of constant value
C:\Users\Mohamed Alaa\source\repos\Boulder Dash Game\Boulder Dash Game.cpp(1442,25): warning C4309: '=': truncation of constant value
C:\Users\Mohamed Alaa\source\repos\Boulder Dash Game\Boulder Dash Game.cpp(1443,25): warning C4309: '=': truncation of constant value
C:\Users\Mohamed Alaa\source\repos\Boulder Dash Game\Boulder Dash Game.cpp(1444,25): warning C4309: '=': truncation of constant value
C:\Users\Mohamed Alaa\source\repos\Boulder Dash Game\Boulder Dash Game.cpp(1445,25): warning C4309: '=': truncation of constant value
C:\Users\Mohamed Alaa\source\repos\Boulder Dash Game\Boulder Dash Game.cpp(1471,1): warning C4326: return type of 'main' should be 'int' instead of 'void'
  Boulder Dash Game.vcxproj -> C:\Users\Mohamed Alaa\source\repos\Boulder Dash Game\Debug\Boulder Dash Game.exe
